2.7407 	EXP 	Set Window color=[ 0.  0.  0.] (rgb)
3.6299 	EXP 	Created text_3 = TextStim(alignHoriz='center', alignVert='center', antialias=True, autoLog=True, bold=False, color='white', colorSpace='named', contrast=1.0, depth=0.0, flipHoriz=False, flipVert=False, font=UNKNOWN, fontFiles=UNKNOWN, height=488, italic=False, name='text_3', opacity=1.0, ori=0, pos=array([ 0.,  0.]), rgb=array([ 255.,  255.,  255.]), text=unicode(...), units=u'norm', win=Window(...), wrapWidth=UNKNOWN)
3.6333 	EXP 	Created text = TextStim(alignHoriz='center', alignVert='center', antialias=True, autoLog=True, bold=False, color='white', colorSpace='named', contrast=1.0, depth=0.0, flipHoriz=False, flipVert=False, font=UNKNOWN, fontFiles=UNKNOWN, height=61, italic=False, name='text', opacity=1.0, ori=0, pos=array([ 0.,  0.]), rgb=array([ 255.,  255.,  255.]), text=u'default text', units=u'norm', win=Window(...), wrapWidth=UNKNOWN)
3.6362 	EXP 	Created imagination_instruction_2 = TextStim(alignHoriz='center', alignVert='center', antialias=True, autoLog=True, bold=False, color='white', colorSpace='named', contrast=1.0, depth=-1.0, flipHoriz=False, flipVert=False, font=UNKNOWN, fontFiles=UNKNOWN, height=61, italic=False, name='imagination_instruction_2', opacity=1.0, ori=0, pos=array([ 0.,  0.]), rgb=array([ 255.,  255.,  255.]), text=u'default text', units=u'norm', win=Window(...), wrapWidth=UNKNOWN)
3.6384 	EXP 	Created text_2 = TextStim(alignHoriz='center', alignVert='center', antialias=True, autoLog=True, bold=False, color='white', colorSpace='named', contrast=1.0, depth=0.0, flipHoriz=False, flipVert=False, font=UNKNOWN, fontFiles=UNKNOWN, height=61, italic=False, name='text_2', opacity=1.0, ori=0, pos=array([ 0.,  0.]), rgb=array([ 255.,  255.,  255.]), text=u'Pause', units=u'norm', win=Window(...), wrapWidth=UNKNOWN)
3.6591 	EXP 	Created text_4 = TextStim(alignHoriz='center', alignVert='center', antialias=True, autoLog=True, bold=False, color='white', colorSpace='named', contrast=1.0, depth=0.0, flipHoriz=False, flipVert=False, font=UNKNOWN, fontFiles=UNKNOWN, height=610, italic=False, name='text_4', opacity=1.0, ori=0, pos=array([ 0.,  0.]), rgb=array([ 255.,  255.,  255.]), text=unicode(...), units=u'norm', win=Window(...), wrapWidth=UNKNOWN)
3.6620 	EXP 	Created imagination_instruction_2 = TextStim(alignHoriz='center', alignVert='center', antialias=True, autoLog=True, bold=False, color='white', colorSpace='named', contrast=1.0, depth=-1.0, flipHoriz=False, flipVert=False, font=UNKNOWN, fontFiles=UNKNOWN, height=61, italic=False, name='imagination_instruction_2', opacity=1.0, ori=0, pos=array([ 0.,  0.]), rgb=array([ 255.,  255.,  255.]), text=u'default text', units=u'norm', win=Window(...), wrapWidth=UNKNOWN)
3.6650 	EXP 	Created text_5 = TextStim(alignHoriz='center', alignVert='center', antialias=True, autoLog=True, bold=False, color='white', colorSpace='named', contrast=1.0, depth=0.0, flipHoriz=False, flipVert=False, font=UNKNOWN, fontFiles=UNKNOWN, height=61, italic=False, name='text_5', opacity=1.0, ori=0, pos=array([ 0.,  0.]), rgb=array([ 255.,  255.,  255.]), text=u'default text', units=u'norm', win=Window(...), wrapWidth=UNKNOWN)
3.6805 	EXP 	TextStim: autoDraw = True
4.7807 	DATA 	Keypress: lctrl
4.8205 	DATA 	Keypress: lalt
6.7406 	DATA 	Keypress: space
6.7409 	EXP 	Imported trails.csv as conditions, 2 conditions, 2 params
6.7411 	EXP 	Created sequence: sequential, trialTypes=2, nReps=1, seed=None
6.7688 	EXP 	New trial (rep=0, index=0): {'trailText': u' Trail 1', 'trail': 1}
6.8005 	EXP 	TextStim: autoDraw = False
6.8005 	EXP 	Set text text= Trail 1
6.8005 	EXP 	TextStim: autoDraw = True
7.1205 	DATA 	Keypress: lctrl
7.1805 	DATA 	Keypress: lalt
8.7422 	EXP 	Imported stimulus_conditions.csv as conditions, 4 conditions, 3 params
8.7426 	EXP 	Created sequence: random, trialTypes=4, nReps=1, seed=None
8.7480 	EXP 	New trial (rep=0, index=0): {'bodyPart': u'left_foot', 'instruction': u' Left Foot', 'feedback': u' Left foot moved'}
8.7611 	EXP 	TextStim: autoDraw = False
8.7611 	EXP 	Set imagination_instruction_2 text= Left Foot
8.7611 	EXP 	TextStim: autoDraw = True
12.7420 	EXP 	New trial (rep=0, index=1): {'bodyPart': u'right_foot', 'instruction': u' Right Foot', 'feedback': u' Right foot moved.'}
12.7613 	EXP 	TextStim: autoDraw = False
12.7613 	EXP 	Set imagination_instruction_2 text= Right Foot
12.7613 	EXP 	TextStim: autoDraw = True
16.7438 	EXP 	New trial (rep=0, index=2): {'bodyPart': u'left_hand', 'instruction': u' Left Hand', 'feedback': u' Left hand moved.'}
16.7615 	EXP 	TextStim: autoDraw = False
16.7615 	EXP 	Set imagination_instruction_2 text= Left Hand
16.7615 	EXP 	TextStim: autoDraw = True
18.7007 	DATA 	Keypress: lctrl
18.7794 	DATA 	Keypress: lalt
20.7408 	EXP 	New trial (rep=0, index=3): {'bodyPart': u'right_hand', 'instruction': u' Right Hand', 'feedback': u' Right hand moved.'}
20.7593 	EXP 	TextStim: autoDraw = False
20.7593 	EXP 	TextStim: autoDraw = False
20.7593 	EXP 	Set imagination_instruction_2 text= Right Hand
20.7593 	EXP 	TextStim: autoDraw = True
21.3805 	DATA 	Keypress: lctrl
21.4405 	DATA 	Keypress: lalt
24.7650 	EXP 	TextStim: autoDraw = False
24.7650 	EXP 	TextStim: autoDraw = True
26.5394 	DATA 	Keypress: escape
