3.5409 	EXP 	Set Window color=[ 0.  0.  0.] (rgb)
4.4334 	EXP 	Created text_3 = TextStim(alignHoriz='center', alignVert='center', antialias=True, autoLog=True, bold=False, color='white', colorSpace='named', contrast=1.0, depth=0.0, flipHoriz=False, flipVert=False, font=UNKNOWN, fontFiles=UNKNOWN, height=488, italic=False, name='text_3', opacity=1.0, ori=0, pos=array([ 0.,  0.]), rgb=array([ 255.,  255.,  255.]), text=unicode(...), units=u'norm', win=Window(...), wrapWidth=UNKNOWN)
4.4366 	EXP 	Created text = TextStim(alignHoriz='center', alignVert='center', antialias=True, autoLog=True, bold=False, color='white', colorSpace='named', contrast=1.0, depth=0.0, flipHoriz=False, flipVert=False, font=UNKNOWN, fontFiles=UNKNOWN, height=61, italic=False, name='text', opacity=1.0, ori=0, pos=array([ 0.,  0.]), rgb=array([ 255.,  255.,  255.]), text=u'default text', units=u'norm', win=Window(...), wrapWidth=UNKNOWN)
4.4396 	EXP 	Created imagination_instruction_2 = TextStim(alignHoriz='center', alignVert='center', antialias=True, autoLog=True, bold=False, color='white', colorSpace='named', contrast=1.0, depth=-1.0, flipHoriz=False, flipVert=False, font=UNKNOWN, fontFiles=UNKNOWN, height=61, italic=False, name='imagination_instruction_2', opacity=1.0, ori=0, pos=array([ 0.,  0.]), rgb=array([ 255.,  255.,  255.]), text=u'default text', units=u'norm', win=Window(...), wrapWidth=UNKNOWN)
4.4418 	EXP 	Created text_2 = TextStim(alignHoriz='center', alignVert='center', antialias=True, autoLog=True, bold=False, color='white', colorSpace='named', contrast=1.0, depth=0.0, flipHoriz=False, flipVert=False, font=UNKNOWN, fontFiles=UNKNOWN, height=61, italic=False, name='text_2', opacity=1.0, ori=0, pos=array([ 0.,  0.]), rgb=array([ 255.,  255.,  255.]), text=u'Pause', units=u'norm', win=Window(...), wrapWidth=UNKNOWN)
4.4622 	EXP 	Created text_4 = TextStim(alignHoriz='center', alignVert='center', antialias=True, autoLog=True, bold=False, color='white', colorSpace='named', contrast=1.0, depth=0.0, flipHoriz=False, flipVert=False, font=UNKNOWN, fontFiles=UNKNOWN, height=610, italic=False, name='text_4', opacity=1.0, ori=0, pos=array([ 0.,  0.]), rgb=array([ 255.,  255.,  255.]), text=unicode(...), units=u'norm', win=Window(...), wrapWidth=UNKNOWN)
4.4653 	EXP 	Created imagination_instruction_2 = TextStim(alignHoriz='center', alignVert='center', antialias=True, autoLog=True, bold=False, color='white', colorSpace='named', contrast=1.0, depth=-1.0, flipHoriz=False, flipVert=False, font=UNKNOWN, fontFiles=UNKNOWN, height=61, italic=False, name='imagination_instruction_2', opacity=1.0, ori=0, pos=array([ 0.,  0.]), rgb=array([ 255.,  255.,  255.]), text=u'default text', units=u'norm', win=Window(...), wrapWidth=UNKNOWN)
4.4681 	EXP 	Created text_5 = TextStim(alignHoriz='center', alignVert='center', antialias=True, autoLog=True, bold=False, color='white', colorSpace='named', contrast=1.0, depth=0.0, flipHoriz=False, flipVert=False, font=UNKNOWN, fontFiles=UNKNOWN, height=61, italic=False, name='text_5', opacity=1.0, ori=0, pos=array([ 0.,  0.]), rgb=array([ 255.,  255.,  255.]), text=u'default text', units=u'norm', win=Window(...), wrapWidth=UNKNOWN)
4.4806 	EXP 	TextStim: autoDraw = True
5.0609 	DATA 	Keypress: num_enter
6.0407 	DATA 	Keypress: space
6.0410 	EXP 	Imported trails.csv as conditions, 2 conditions, 2 params
6.0412 	EXP 	Created sequence: sequential, trialTypes=2, nReps=1, seed=None
6.0643 	EXP 	New trial (rep=0, index=0): {'trailText': u' Trail 1', 'trail': 1}
6.0806 	EXP 	TextStim: autoDraw = False
6.0806 	EXP 	Set text text= Trail 1
6.0806 	EXP 	TextStim: autoDraw = True
8.0610 	EXP 	Imported stimulus_conditions.csv as conditions, 4 conditions, 3 params
8.0612 	EXP 	Created sequence: random, trialTypes=4, nReps=1, seed=None
8.0618 	EXP 	New trial (rep=0, index=0): {'bodyPart': u'left_foot', 'instruction': u' Left Foot', 'feedback': u' Left foot moved'}
8.0806 	EXP 	TextStim: autoDraw = False
8.0806 	EXP 	Set imagination_instruction_2 text= Left Foot
8.0806 	EXP 	TextStim: autoDraw = True
12.0608 	EXP 	New trial (rep=0, index=1): {'bodyPart': u'right_hand', 'instruction': u' Right Hand', 'feedback': u' Right hand moved.'}
12.0795 	EXP 	TextStim: autoDraw = False
12.0795 	EXP 	Set imagination_instruction_2 text= Right Hand
12.0795 	EXP 	TextStim: autoDraw = True
16.0608 	EXP 	New trial (rep=0, index=2): {'bodyPart': u'left_hand', 'instruction': u' Left Hand', 'feedback': u' Left hand moved.'}
16.0795 	EXP 	TextStim: autoDraw = False
16.0795 	EXP 	Set imagination_instruction_2 text= Left Hand
16.0795 	EXP 	TextStim: autoDraw = True
20.0608 	EXP 	New trial (rep=0, index=3): {'bodyPart': u'right_foot', 'instruction': u' Right Foot', 'feedback': u' Right foot moved.'}
20.0795 	EXP 	TextStim: autoDraw = False
20.0795 	EXP 	Set imagination_instruction_2 text= Right Foot
20.0795 	EXP 	TextStim: autoDraw = True
24.0806 	EXP 	TextStim: autoDraw = False
24.0806 	EXP 	TextStim: autoDraw = True
29.0597 	EXP 	New trial (rep=0, index=1): {'trailText': u' Trail 2', 'trail': 2}
29.0806 	EXP 	TextStim: autoDraw = False
29.0806 	EXP 	Set text text= Trail 2
29.0806 	EXP 	TextStim: autoDraw = True
31.0610 	EXP 	Imported stimulus_conditions.csv as conditions, 4 conditions, 3 params
31.0611 	EXP 	Created sequence: random, trialTypes=4, nReps=1, seed=None
31.0619 	EXP 	New trial (rep=0, index=0): {'bodyPart': u'left_hand', 'instruction': u' Left Hand', 'feedback': u' Left hand moved.'}
31.0806 	EXP 	TextStim: autoDraw = False
31.0806 	EXP 	Set imagination_instruction_2 text= Left Hand
31.0806 	EXP 	TextStim: autoDraw = True
35.0608 	EXP 	New trial (rep=0, index=1): {'bodyPart': u'right_foot', 'instruction': u' Right Foot', 'feedback': u' Right foot moved.'}
35.0795 	EXP 	TextStim: autoDraw = False
35.0795 	EXP 	Set imagination_instruction_2 text= Right Foot
35.0795 	EXP 	TextStim: autoDraw = True
39.0608 	EXP 	New trial (rep=0, index=2): {'bodyPart': u'right_hand', 'instruction': u' Right Hand', 'feedback': u' Right hand moved.'}
39.0795 	EXP 	TextStim: autoDraw = False
39.0795 	EXP 	Set imagination_instruction_2 text= Right Hand
39.0795 	EXP 	TextStim: autoDraw = True
43.0608 	EXP 	New trial (rep=0, index=3): {'bodyPart': u'left_foot', 'instruction': u' Left Foot', 'feedback': u' Left foot moved'}
43.0795 	EXP 	TextStim: autoDraw = False
43.0795 	EXP 	Set imagination_instruction_2 text= Left Foot
43.0795 	EXP 	TextStim: autoDraw = True
47.0795 	EXP 	TextStim: autoDraw = False
47.0795 	EXP 	TextStim: autoDraw = True
48.2608 	DATA 	Keypress: quoteleft
48.5408 	DATA 	Keypress: escape
